  Main.cpp
D:\Users\ADMIN\Documents\gp-robot\GP Robot\Main.cpp(108,17): warning C4305: 'initializing': truncation from 'double' to 'float'
D:\Users\ADMIN\Documents\gp-robot\GP Robot\Main.cpp(108,45): warning C4305: 'initializing': truncation from 'double' to 'float'
D:\Users\ADMIN\Documents\gp-robot\GP Robot\Main.cpp(134,18): warning C4244: '=': conversion from 'double' to 'int', possible loss of data
D:\Users\ADMIN\Documents\gp-robot\GP Robot\Main.cpp(417,16): warning C4305: '+=': truncation from 'double' to 'float'
D:\Users\ADMIN\Documents\gp-robot\GP Robot\Main.cpp(422,16): warning C4305: '-=': truncation from 'double' to 'float'
D:\Users\ADMIN\Documents\gp-robot\GP Robot\Main.cpp(592,9): warning C4101: 'textures2': unreferenced local variable
D:\Users\ADMIN\Documents\gp-robot\GP Robot\Main.cpp(612,15): warning C4305: '+=': truncation from 'double' to 'float'
D:\Users\ADMIN\Documents\gp-robot\GP Robot\Main.cpp(615,11): warning C4244: '=': conversion from 'int' to 'float', possible loss of data
D:\Users\ADMIN\Documents\gp-robot\GP Robot\Main.cpp(619,15): warning C4305: '+=': truncation from 'double' to 'float'
D:\Users\ADMIN\Documents\gp-robot\GP Robot\Main.cpp(622,11): warning C4244: '=': conversion from 'int' to 'float', possible loss of data
D:\Users\ADMIN\Documents\gp-robot\GP Robot\Main.cpp(626,15): warning C4305: '+=': truncation from 'double' to 'float'
D:\Users\ADMIN\Documents\gp-robot\GP Robot\Main.cpp(628,15): warning C4305: '+=': truncation from 'double' to 'float'
D:\Users\ADMIN\Documents\gp-robot\GP Robot\Main.cpp(632,11): warning C4244: '=': conversion from 'int' to 'float', possible loss of data
D:\Users\ADMIN\Documents\gp-robot\GP Robot\Main.cpp(636,15): warning C4305: '+=': truncation from 'double' to 'float'
D:\Users\ADMIN\Documents\gp-robot\GP Robot\Main.cpp(638,16): warning C4305: '+=': truncation from 'double' to 'float'
D:\Users\ADMIN\Documents\gp-robot\GP Robot\Main.cpp(642,11): warning C4244: '=': conversion from 'int' to 'float', possible loss of data
D:\Users\ADMIN\Documents\gp-robot\GP Robot\Main.cpp(648,15): warning C4305: '-=': truncation from 'double' to 'float'
D:\Users\ADMIN\Documents\gp-robot\GP Robot\Main.cpp(655,15): warning C4305: '-=': truncation from 'double' to 'float'
D:\Users\ADMIN\Documents\gp-robot\GP Robot\Main.cpp(662,15): warning C4305: '-=': truncation from 'double' to 'float'
D:\Users\ADMIN\Documents\gp-robot\GP Robot\Main.cpp(664,15): warning C4305: '-=': truncation from 'double' to 'float'
D:\Users\ADMIN\Documents\gp-robot\GP Robot\Main.cpp(672,15): warning C4305: '-=': truncation from 'double' to 'float'
D:\Users\ADMIN\Documents\gp-robot\GP Robot\Main.cpp(674,16): warning C4305: '-=': truncation from 'double' to 'float'
D:\Users\ADMIN\Documents\gp-robot\GP Robot\Main.cpp(749,16): warning C4805: '==': unsafe mix of type 'boolean' and type 'bool' in operation
D:\Users\ADMIN\Documents\gp-robot\GP Robot\Main.cpp(752,23): warning C4805: '==': unsafe mix of type 'boolean' and type 'bool' in operation
D:\Users\ADMIN\Documents\gp-robot\GP Robot\Main.cpp(805,24): warning C4305: '+=': truncation from 'double' to 'float'
D:\Users\ADMIN\Documents\gp-robot\GP Robot\Main.cpp(810,24): warning C4305: '-=': truncation from 'double' to 'float'
D:\Users\ADMIN\Documents\gp-robot\GP Robot\Main.cpp(824,24): warning C4305: 'argument': truncation from 'double' to 'GLfloat'
D:\Users\ADMIN\Documents\gp-robot\GP Robot\Main.cpp(825,24): warning C4305: 'argument': truncation from 'double' to 'GLfloat'
D:\Users\ADMIN\Documents\gp-robot\GP Robot\Main.cpp(839,20): warning C4305: 'argument': truncation from 'double' to 'GLfloat'
D:\Users\ADMIN\Documents\gp-robot\GP Robot\Main.cpp(860,26): warning C4305: 'argument': truncation from 'double' to 'GLfloat'
D:\Users\ADMIN\Documents\gp-robot\GP Robot\Main.cpp(862,25): warning C4305: 'argument': truncation from 'double' to 'GLfloat'
D:\Users\ADMIN\Documents\gp-robot\GP Robot\Main.cpp(869,24): warning C4305: 'argument': truncation from 'double' to 'GLfloat'
D:\Users\ADMIN\Documents\gp-robot\GP Robot\Main.cpp(901,20): warning C4305: 'argument': truncation from 'double' to 'GLfloat'
D:\Users\ADMIN\Documents\gp-robot\GP Robot\Main.cpp(922,26): warning C4305: 'argument': truncation from 'double' to 'GLfloat'
D:\Users\ADMIN\Documents\gp-robot\GP Robot\Main.cpp(924,25): warning C4305: 'argument': truncation from 'double' to 'GLfloat'
D:\Users\ADMIN\Documents\gp-robot\GP Robot\Main.cpp(931,24): warning C4305: 'argument': truncation from 'double' to 'GLfloat'
D:\Users\ADMIN\Documents\gp-robot\GP Robot\Main.cpp(962,27): warning C4244: 'argument': conversion from 'double' to 'GLfloat', possible loss of data
D:\Users\ADMIN\Documents\gp-robot\GP Robot\Main.cpp(966,23): warning C4244: 'argument': conversion from 'double' to 'float', possible loss of data
D:\Users\ADMIN\Documents\gp-robot\GP Robot\Main.cpp(973,21): warning C4244: 'argument': conversion from 'double' to 'GLfloat', possible loss of data
D:\Users\ADMIN\Documents\gp-robot\GP Robot\Main.cpp(977,23): warning C4244: 'argument': conversion from 'double' to 'float', possible loss of data
D:\Users\ADMIN\Documents\gp-robot\GP Robot\Main.cpp(984,52): warning C4244: 'argument': conversion from 'double' to 'GLfloat', possible loss of data
D:\Users\ADMIN\Documents\gp-robot\GP Robot\Main.cpp(984,39): warning C4244: 'argument': conversion from 'double' to 'GLfloat', possible loss of data
D:\Users\ADMIN\Documents\gp-robot\GP Robot\Main.cpp(984,27): warning C4244: 'argument': conversion from 'double' to 'GLfloat', possible loss of data
D:\Users\ADMIN\Documents\gp-robot\GP Robot\Main.cpp(986,59): warning C4244: 'argument': conversion from 'double' to 'GLfloat', possible loss of data
D:\Users\ADMIN\Documents\gp-robot\GP Robot\Main.cpp(986,40): warning C4244: 'argument': conversion from 'double' to 'GLfloat', possible loss of data
D:\Users\ADMIN\Documents\gp-robot\GP Robot\Main.cpp(986,28): warning C4244: 'argument': conversion from 'double' to 'GLfloat', possible loss of data
D:\Users\ADMIN\Documents\gp-robot\GP Robot\Main.cpp(988,60): warning C4244: 'argument': conversion from 'double' to 'GLfloat', possible loss of data
D:\Users\ADMIN\Documents\gp-robot\GP Robot\Main.cpp(988,38): warning C4244: 'argument': conversion from 'double' to 'GLfloat', possible loss of data
D:\Users\ADMIN\Documents\gp-robot\GP Robot\Main.cpp(988,16): warning C4244: 'argument': conversion from 'double' to 'GLfloat', possible loss of data
D:\Users\ADMIN\Documents\gp-robot\GP Robot\Main.cpp(991,27): warning C4244: 'argument': conversion from 'double' to 'float', possible loss of data
D:\Users\ADMIN\Documents\gp-robot\GP Robot\Main.cpp(1004,27): warning C4244: 'argument': conversion from 'double' to 'GLfloat', possible loss of data
D:\Users\ADMIN\Documents\gp-robot\GP Robot\Main.cpp(1008,23): warning C4244: 'argument': conversion from 'double' to 'float', possible loss of data
D:\Users\ADMIN\Documents\gp-robot\GP Robot\Main.cpp(1015,21): warning C4244: 'argument': conversion from 'double' to 'GLfloat', possible loss of data
D:\Users\ADMIN\Documents\gp-robot\GP Robot\Main.cpp(1019,23): warning C4244: 'argument': conversion from 'double' to 'float', possible loss of data
D:\Users\ADMIN\Documents\gp-robot\GP Robot\Main.cpp(1026,52): warning C4244: 'argument': conversion from 'double' to 'GLfloat', possible loss of data
D:\Users\ADMIN\Documents\gp-robot\GP Robot\Main.cpp(1026,39): warning C4244: 'argument': conversion from 'double' to 'GLfloat', possible loss of data
D:\Users\ADMIN\Documents\gp-robot\GP Robot\Main.cpp(1026,27): warning C4244: 'argument': conversion from 'double' to 'GLfloat', possible loss of data
D:\Users\ADMIN\Documents\gp-robot\GP Robot\Main.cpp(1028,59): warning C4244: 'argument': conversion from 'double' to 'GLfloat', possible loss of data
D:\Users\ADMIN\Documents\gp-robot\GP Robot\Main.cpp(1028,40): warning C4244: 'argument': conversion from 'double' to 'GLfloat', possible loss of data
D:\Users\ADMIN\Documents\gp-robot\GP Robot\Main.cpp(1028,28): warning C4244: 'argument': conversion from 'double' to 'GLfloat', possible loss of data
D:\Users\ADMIN\Documents\gp-robot\GP Robot\Main.cpp(1030,60): warning C4244: 'argument': conversion from 'double' to 'GLfloat', possible loss of data
D:\Users\ADMIN\Documents\gp-robot\GP Robot\Main.cpp(1030,38): warning C4244: 'argument': conversion from 'double' to 'GLfloat', possible loss of data
D:\Users\ADMIN\Documents\gp-robot\GP Robot\Main.cpp(1030,16): warning C4244: 'argument': conversion from 'double' to 'GLfloat', possible loss of data
D:\Users\ADMIN\Documents\gp-robot\GP Robot\Main.cpp(1033,27): warning C4244: 'argument': conversion from 'double' to 'float', possible loss of data
D:\Users\ADMIN\Documents\gp-robot\GP Robot\Main.cpp(1045,14): warning C4244: 'argument': conversion from 'int' to 'GLfloat', possible loss of data
D:\Users\ADMIN\Documents\gp-robot\GP Robot\Main.cpp(1103,30): warning C4244: 'argument': conversion from 'double' to 'GLfloat', possible loss of data
D:\Users\ADMIN\Documents\gp-robot\GP Robot\Main.cpp(1106,23): warning C4244: 'argument': conversion from 'double' to 'float', possible loss of data
D:\Users\ADMIN\Documents\gp-robot\GP Robot\Main.cpp(1116,52): warning C4305: 'argument': truncation from 'double' to 'GLfloat'
D:\Users\ADMIN\Documents\gp-robot\GP Robot\Main.cpp(1116,42): warning C4244: 'argument': conversion from 'double' to 'GLfloat', possible loss of data
D:\Users\ADMIN\Documents\gp-robot\GP Robot\Main.cpp(1116,30): warning C4244: 'argument': conversion from 'double' to 'GLfloat', possible loss of data
D:\Users\ADMIN\Documents\gp-robot\GP Robot\Main.cpp(1118,27): warning C4244: 'argument': conversion from 'double' to 'float', possible loss of data
D:\Users\ADMIN\Documents\gp-robot\GP Robot\Main.cpp(1124,13): warning C4305: '=': truncation from 'double' to 'float'
D:\Users\ADMIN\Documents\gp-robot\GP Robot\Main.cpp(1139,25): warning C4305: 'argument': truncation from 'double' to 'GLfloat'
D:\Users\ADMIN\Documents\gp-robot\GP Robot\Main.cpp(1147,24): warning C4305: 'argument': truncation from 'double' to 'GLfloat'
D:\Users\ADMIN\Documents\gp-robot\GP Robot\Main.cpp(1156,14): warning C4244: 'argument': conversion from 'int' to 'GLfloat', possible loss of data
D:\Users\ADMIN\Documents\gp-robot\GP Robot\Main.cpp(1214,30): warning C4244: 'argument': conversion from 'double' to 'GLfloat', possible loss of data
D:\Users\ADMIN\Documents\gp-robot\GP Robot\Main.cpp(1217,23): warning C4244: 'argument': conversion from 'double' to 'float', possible loss of data
D:\Users\ADMIN\Documents\gp-robot\GP Robot\Main.cpp(1227,52): warning C4305: 'argument': truncation from 'double' to 'GLfloat'
D:\Users\ADMIN\Documents\gp-robot\GP Robot\Main.cpp(1227,42): warning C4244: 'argument': conversion from 'double' to 'GLfloat', possible loss of data
D:\Users\ADMIN\Documents\gp-robot\GP Robot\Main.cpp(1227,30): warning C4244: 'argument': conversion from 'double' to 'GLfloat', possible loss of data
D:\Users\ADMIN\Documents\gp-robot\GP Robot\Main.cpp(1229,27): warning C4244: 'argument': conversion from 'double' to 'float', possible loss of data
D:\Users\ADMIN\Documents\gp-robot\GP Robot\Main.cpp(1235,13): warning C4305: '=': truncation from 'double' to 'float'
D:\Users\ADMIN\Documents\gp-robot\GP Robot\Main.cpp(1250,25): warning C4305: 'argument': truncation from 'double' to 'GLfloat'
D:\Users\ADMIN\Documents\gp-robot\GP Robot\Main.cpp(1258,24): warning C4305: 'argument': truncation from 'double' to 'GLfloat'
D:\Users\ADMIN\Documents\gp-robot\GP Robot\Main.cpp(1268,142): warning C4244: 'argument': conversion from 'double' to 'GLfloat', possible loss of data
D:\Users\ADMIN\Documents\gp-robot\GP Robot\Main.cpp(1268,87): warning C4244: 'argument': conversion from 'double' to 'GLfloat', possible loss of data
D:\Users\ADMIN\Documents\gp-robot\GP Robot\Main.cpp(1268,147): warning C4305: 'argument': truncation from 'double' to 'GLfloat'
D:\Users\ADMIN\Documents\gp-robot\GP Robot\Main.cpp(1271,40): warning C4244: 'argument': conversion from 'double' to 'GLfloat', possible loss of data
D:\Users\ADMIN\Documents\gp-robot\GP Robot\Main.cpp(1276,36): warning C4244: 'argument': conversion from 'double' to 'GLfloat', possible loss of data
D:\Users\ADMIN\Documents\gp-robot\GP Robot\Main.cpp(1277,52): warning C4244: 'argument': conversion from 'double' to 'GLfloat', possible loss of data
D:\Users\ADMIN\Documents\gp-robot\GP Robot\Main.cpp(1277,36): warning C4244: 'argument': conversion from 'double' to 'GLfloat', possible loss of data
D:\Users\ADMIN\Documents\gp-robot\GP Robot\Main.cpp(1277,20): warning C4244: 'argument': conversion from 'double' to 'GLfloat', possible loss of data
D:\Users\ADMIN\Documents\gp-robot\GP Robot\Main.cpp(1283,44): warning C4244: 'argument': conversion from 'double' to 'GLfloat', possible loss of data
D:\Users\ADMIN\Documents\gp-robot\GP Robot\Main.cpp(1283,26): warning C4244: 'argument': conversion from 'double' to 'GLfloat', possible loss of data
D:\Users\ADMIN\Documents\gp-robot\GP Robot\Main.cpp(1284,30): warning C4244: 'argument': conversion from 'double' to 'GLfloat', possible loss of data
D:\Users\ADMIN\Documents\gp-robot\GP Robot\Main.cpp(1290,43): warning C4244: 'argument': conversion from 'double' to 'GLfloat', possible loss of data
D:\Users\ADMIN\Documents\gp-robot\GP Robot\Main.cpp(1290,26): warning C4244: 'argument': conversion from 'double' to 'GLfloat', possible loss of data
D:\Users\ADMIN\Documents\gp-robot\GP Robot\Main.cpp(1292,44): warning C4244: 'argument': conversion from 'float' to 'int', possible loss of data
D:\Users\ADMIN\Documents\gp-robot\GP Robot\Main.cpp(1292,36): warning C4244: 'argument': conversion from 'float' to 'int', possible loss of data
D:\Users\ADMIN\Documents\gp-robot\GP Robot\Main.cpp(1292,29): warning C4244: 'argument': conversion from 'double' to 'float', possible loss of data
D:\Users\ADMIN\Documents\gp-robot\GP Robot\Main.cpp(1304,51): warning C4244: 'argument': conversion from 'int' to 'float', possible loss of data
D:\Users\ADMIN\Documents\gp-robot\GP Robot\Main.cpp(1305,51): warning C4244: 'argument': conversion from 'int' to 'float', possible loss of data
D:\Users\ADMIN\Documents\gp-robot\GP Robot\Main.cpp(1306,52): warning C4244: 'argument': conversion from 'int' to 'float', possible loss of data
D:\Users\ADMIN\Documents\gp-robot\GP Robot\Main.cpp(1307,52): warning C4244: 'argument': conversion from 'int' to 'float', possible loss of data
D:\Users\ADMIN\Documents\gp-robot\GP Robot\Main.cpp(1311,51): warning C4244: 'argument': conversion from 'int' to 'float', possible loss of data
D:\Users\ADMIN\Documents\gp-robot\GP Robot\Main.cpp(1312,52): warning C4244: 'argument': conversion from 'int' to 'float', possible loss of data
D:\Users\ADMIN\Documents\gp-robot\GP Robot\Main.cpp(1313,52): warning C4244: 'argument': conversion from 'int' to 'float', possible loss of data
D:\Users\ADMIN\Documents\gp-robot\GP Robot\Main.cpp(1317,52): warning C4244: 'argument': conversion from 'int' to 'float', possible loss of data
D:\Users\ADMIN\Documents\gp-robot\GP Robot\Main.cpp(1318,52): warning C4244: 'argument': conversion from 'int' to 'float', possible loss of data
D:\Users\ADMIN\Documents\gp-robot\GP Robot\Main.cpp(1319,52): warning C4244: 'argument': conversion from 'int' to 'float', possible loss of data
D:\Users\ADMIN\Documents\gp-robot\GP Robot\Main.cpp(1320,52): warning C4244: 'argument': conversion from 'int' to 'float', possible loss of data
D:\Users\ADMIN\Documents\gp-robot\GP Robot\Main.cpp(1325,51): warning C4244: 'argument': conversion from 'int' to 'float', possible loss of data
D:\Users\ADMIN\Documents\gp-robot\GP Robot\Main.cpp(1326,52): warning C4244: 'argument': conversion from 'int' to 'float', possible loss of data
D:\Users\ADMIN\Documents\gp-robot\GP Robot\Main.cpp(1327,53): warning C4244: 'argument': conversion from 'int' to 'float', possible loss of data
D:\Users\ADMIN\Documents\gp-robot\GP Robot\Main.cpp(1328,52): warning C4244: 'argument': conversion from 'int' to 'float', possible loss of data
D:\Users\ADMIN\Documents\gp-robot\GP Robot\Main.cpp(1332,51): warning C4244: 'argument': conversion from 'int' to 'float', possible loss of data
D:\Users\ADMIN\Documents\gp-robot\GP Robot\Main.cpp(1333,52): warning C4244: 'argument': conversion from 'int' to 'float', possible loss of data
D:\Users\ADMIN\Documents\gp-robot\GP Robot\Main.cpp(1334,52): warning C4244: 'argument': conversion from 'int' to 'float', possible loss of data
D:\Users\ADMIN\Documents\gp-robot\GP Robot\Main.cpp(1338,52): warning C4244: 'argument': conversion from 'int' to 'float', possible loss of data
D:\Users\ADMIN\Documents\gp-robot\GP Robot\Main.cpp(1339,52): warning C4244: 'argument': conversion from 'int' to 'float', possible loss of data
D:\Users\ADMIN\Documents\gp-robot\GP Robot\Main.cpp(1340,52): warning C4244: 'argument': conversion from 'int' to 'float', possible loss of data
D:\Users\ADMIN\Documents\gp-robot\GP Robot\Main.cpp(1341,52): warning C4244: 'argument': conversion from 'int' to 'float', possible loss of data
D:\Users\ADMIN\Documents\gp-robot\GP Robot\Main.cpp(1345,52): warning C4244: 'argument': conversion from 'int' to 'float', possible loss of data
D:\Users\ADMIN\Documents\gp-robot\GP Robot\Main.cpp(1346,52): warning C4244: 'argument': conversion from 'int' to 'float', possible loss of data
D:\Users\ADMIN\Documents\gp-robot\GP Robot\Main.cpp(1347,52): warning C4244: 'argument': conversion from 'int' to 'float', possible loss of data
D:\Users\ADMIN\Documents\gp-robot\GP Robot\Main.cpp(1352,52): warning C4244: 'argument': conversion from 'int' to 'float', possible loss of data
D:\Users\ADMIN\Documents\gp-robot\GP Robot\Main.cpp(1353,52): warning C4244: 'argument': conversion from 'int' to 'float', possible loss of data
D:\Users\ADMIN\Documents\gp-robot\GP Robot\Main.cpp(1354,53): warning C4244: 'argument': conversion from 'int' to 'float', possible loss of data
D:\Users\ADMIN\Documents\gp-robot\GP Robot\Main.cpp(1355,53): warning C4244: 'argument': conversion from 'int' to 'float', possible loss of data
D:\Users\ADMIN\Documents\gp-robot\GP Robot\Main.cpp(1359,52): warning C4244: 'argument': conversion from 'int' to 'float', possible loss of data
D:\Users\ADMIN\Documents\gp-robot\GP Robot\Main.cpp(1360,53): warning C4244: 'argument': conversion from 'int' to 'float', possible loss of data
D:\Users\ADMIN\Documents\gp-robot\GP Robot\Main.cpp(1361,53): warning C4244: 'argument': conversion from 'int' to 'float', possible loss of data
D:\Users\ADMIN\Documents\gp-robot\GP Robot\Main.cpp(1365,52): warning C4244: 'argument': conversion from 'int' to 'float', possible loss of data
D:\Users\ADMIN\Documents\gp-robot\GP Robot\Main.cpp(1366,52): warning C4244: 'argument': conversion from 'int' to 'float', possible loss of data
D:\Users\ADMIN\Documents\gp-robot\GP Robot\Main.cpp(1367,53): warning C4244: 'argument': conversion from 'int' to 'float', possible loss of data
D:\Users\ADMIN\Documents\gp-robot\GP Robot\Main.cpp(1368,53): warning C4244: 'argument': conversion from 'int' to 'float', possible loss of data
D:\Users\ADMIN\Documents\gp-robot\GP Robot\Main.cpp(1372,52): warning C4244: 'argument': conversion from 'int' to 'float', possible loss of data
D:\Users\ADMIN\Documents\gp-robot\GP Robot\Main.cpp(1373,53): warning C4244: 'argument': conversion from 'int' to 'float', possible loss of data
D:\Users\ADMIN\Documents\gp-robot\GP Robot\Main.cpp(1374,53): warning C4244: 'argument': conversion from 'int' to 'float', possible loss of data
D:\Users\ADMIN\Documents\gp-robot\GP Robot\Main.cpp(1379,52): warning C4244: 'argument': conversion from 'int' to 'float', possible loss of data
D:\Users\ADMIN\Documents\gp-robot\GP Robot\Main.cpp(1380,53): warning C4244: 'argument': conversion from 'int' to 'float', possible loss of data
D:\Users\ADMIN\Documents\gp-robot\GP Robot\Main.cpp(1381,54): warning C4244: 'argument': conversion from 'int' to 'float', possible loss of data
D:\Users\ADMIN\Documents\gp-robot\GP Robot\Main.cpp(1382,53): warning C4244: 'argument': conversion from 'int' to 'float', possible loss of data
D:\Users\ADMIN\Documents\gp-robot\GP Robot\Main.cpp(1386,53): warning C4244: 'argument': conversion from 'int' to 'float', possible loss of data
D:\Users\ADMIN\Documents\gp-robot\GP Robot\Main.cpp(1387,53): warning C4244: 'argument': conversion from 'int' to 'float', possible loss of data
D:\Users\ADMIN\Documents\gp-robot\GP Robot\Main.cpp(1388,53): warning C4244: 'argument': conversion from 'int' to 'float', possible loss of data
D:\Users\ADMIN\Documents\gp-robot\GP Robot\Main.cpp(1389,53): warning C4244: 'argument': conversion from 'int' to 'float', possible loss of data
D:\Users\ADMIN\Documents\gp-robot\GP Robot\Main.cpp(1393,53): warning C4244: 'argument': conversion from 'int' to 'float', possible loss of data
D:\Users\ADMIN\Documents\gp-robot\GP Robot\Main.cpp(1394,53): warning C4244: 'argument': conversion from 'int' to 'float', possible loss of data
D:\Users\ADMIN\Documents\gp-robot\GP Robot\Main.cpp(1395,53): warning C4244: 'argument': conversion from 'int' to 'float', possible loss of data
D:\Users\ADMIN\Documents\gp-robot\GP Robot\Main.cpp(1396,53): warning C4244: 'argument': conversion from 'int' to 'float', possible loss of data
D:\Users\ADMIN\Documents\gp-robot\GP Robot\Main.cpp(1401,53): warning C4244: 'argument': conversion from 'int' to 'float', possible loss of data
D:\Users\ADMIN\Documents\gp-robot\GP Robot\Main.cpp(1402,53): warning C4244: 'argument': conversion from 'int' to 'float', possible loss of data
D:\Users\ADMIN\Documents\gp-robot\GP Robot\Main.cpp(1403,54): warning C4244: 'argument': conversion from 'int' to 'float', possible loss of data
D:\Users\ADMIN\Documents\gp-robot\GP Robot\Main.cpp(1404,54): warning C4244: 'argument': conversion from 'int' to 'float', possible loss of data
D:\Users\ADMIN\Documents\gp-robot\GP Robot\Main.cpp(1408,53): warning C4244: 'argument': conversion from 'int' to 'float', possible loss of data
D:\Users\ADMIN\Documents\gp-robot\GP Robot\Main.cpp(1409,53): warning C4244: 'argument': conversion from 'int' to 'float', possible loss of data
D:\Users\ADMIN\Documents\gp-robot\GP Robot\Main.cpp(1410,53): warning C4244: 'argument': conversion from 'int' to 'float', possible loss of data
D:\Users\ADMIN\Documents\gp-robot\GP Robot\Main.cpp(1411,53): warning C4244: 'argument': conversion from 'int' to 'float', possible loss of data
D:\Users\ADMIN\Documents\gp-robot\GP Robot\Main.cpp(1415,53): warning C4244: 'argument': conversion from 'int' to 'float', possible loss of data
D:\Users\ADMIN\Documents\gp-robot\GP Robot\Main.cpp(1416,53): warning C4244: 'argument': conversion from 'int' to 'float', possible loss of data
D:\Users\ADMIN\Documents\gp-robot\GP Robot\Main.cpp(1417,53): warning C4244: 'argument': conversion from 'int' to 'float', possible loss of data
D:\Users\ADMIN\Documents\gp-robot\GP Robot\Main.cpp(1418,53): warning C4244: 'argument': conversion from 'int' to 'float', possible loss of data
D:\Users\ADMIN\Documents\gp-robot\GP Robot\Main.cpp(1423,53): warning C4244: 'argument': conversion from 'int' to 'float', possible loss of data
D:\Users\ADMIN\Documents\gp-robot\GP Robot\Main.cpp(1424,53): warning C4244: 'argument': conversion from 'int' to 'float', possible loss of data
D:\Users\ADMIN\Documents\gp-robot\GP Robot\Main.cpp(1425,54): warning C4244: 'argument': conversion from 'int' to 'float', possible loss of data
D:\Users\ADMIN\Documents\gp-robot\GP Robot\Main.cpp(1426,54): warning C4244: 'argument': conversion from 'int' to 'float', possible loss of data
D:\Users\ADMIN\Documents\gp-robot\GP Robot\Main.cpp(1430,53): warning C4244: 'argument': conversion from 'int' to 'float', possible loss of data
D:\Users\ADMIN\Documents\gp-robot\GP Robot\Main.cpp(1431,53): warning C4244: 'argument': conversion from 'int' to 'float', possible loss of data
D:\Users\ADMIN\Documents\gp-robot\GP Robot\Main.cpp(1432,53): warning C4244: 'argument': conversion from 'int' to 'float', possible loss of data
D:\Users\ADMIN\Documents\gp-robot\GP Robot\Main.cpp(1433,53): warning C4244: 'argument': conversion from 'int' to 'float', possible loss of data
D:\Users\ADMIN\Documents\gp-robot\GP Robot\Main.cpp(1437,53): warning C4244: 'argument': conversion from 'int' to 'float', possible loss of data
D:\Users\ADMIN\Documents\gp-robot\GP Robot\Main.cpp(1438,53): warning C4244: 'argument': conversion from 'int' to 'float', possible loss of data
D:\Users\ADMIN\Documents\gp-robot\GP Robot\Main.cpp(1439,53): warning C4244: 'argument': conversion from 'int' to 'float', possible loss of data
D:\Users\ADMIN\Documents\gp-robot\GP Robot\Main.cpp(1444,53): warning C4244: 'argument': conversion from 'int' to 'float', possible loss of data
D:\Users\ADMIN\Documents\gp-robot\GP Robot\Main.cpp(1445,53): warning C4244: 'argument': conversion from 'int' to 'float', possible loss of data
D:\Users\ADMIN\Documents\gp-robot\GP Robot\Main.cpp(1446,54): warning C4244: 'argument': conversion from 'int' to 'float', possible loss of data
D:\Users\ADMIN\Documents\gp-robot\GP Robot\Main.cpp(1447,54): warning C4244: 'argument': conversion from 'int' to 'float', possible loss of data
D:\Users\ADMIN\Documents\gp-robot\GP Robot\Main.cpp(1451,53): warning C4244: 'argument': conversion from 'int' to 'float', possible loss of data
D:\Users\ADMIN\Documents\gp-robot\GP Robot\Main.cpp(1452,53): warning C4244: 'argument': conversion from 'int' to 'float', possible loss of data
D:\Users\ADMIN\Documents\gp-robot\GP Robot\Main.cpp(1453,53): warning C4244: 'argument': conversion from 'int' to 'float', possible loss of data
D:\Users\ADMIN\Documents\gp-robot\GP Robot\Main.cpp(1454,53): warning C4244: 'argument': conversion from 'int' to 'float', possible loss of data
D:\Users\ADMIN\Documents\gp-robot\GP Robot\Main.cpp(1458,53): warning C4244: 'argument': conversion from 'int' to 'float', possible loss of data
D:\Users\ADMIN\Documents\gp-robot\GP Robot\Main.cpp(1459,53): warning C4244: 'argument': conversion from 'int' to 'float', possible loss of data
D:\Users\ADMIN\Documents\gp-robot\GP Robot\Main.cpp(1460,53): warning C4244: 'argument': conversion from 'int' to 'float', possible loss of data
D:\Users\ADMIN\Documents\gp-robot\GP Robot\Main.cpp(1465,53): warning C4244: 'argument': conversion from 'int' to 'float', possible loss of data
D:\Users\ADMIN\Documents\gp-robot\GP Robot\Main.cpp(1466,53): warning C4244: 'argument': conversion from 'int' to 'float', possible loss of data
D:\Users\ADMIN\Documents\gp-robot\GP Robot\Main.cpp(1467,54): warning C4244: 'argument': conversion from 'int' to 'float', possible loss of data
D:\Users\ADMIN\Documents\gp-robot\GP Robot\Main.cpp(1468,54): warning C4244: 'argument': conversion from 'int' to 'float', possible loss of data
D:\Users\ADMIN\Documents\gp-robot\GP Robot\Main.cpp(1472,53): warning C4244: 'argument': conversion from 'int' to 'float', possible loss of data
D:\Users\ADMIN\Documents\gp-robot\GP Robot\Main.cpp(1473,53): warning C4244: 'argument': conversion from 'int' to 'float', possible loss of data
D:\Users\ADMIN\Documents\gp-robot\GP Robot\Main.cpp(1474,53): warning C4244: 'argument': conversion from 'int' to 'float', possible loss of data
D:\Users\ADMIN\Documents\gp-robot\GP Robot\Main.cpp(1475,53): warning C4244: 'argument': conversion from 'int' to 'float', possible loss of data
D:\Users\ADMIN\Documents\gp-robot\GP Robot\Main.cpp(1480,53): warning C4244: 'argument': conversion from 'int' to 'float', possible loss of data
D:\Users\ADMIN\Documents\gp-robot\GP Robot\Main.cpp(1481,53): warning C4244: 'argument': conversion from 'int' to 'float', possible loss of data
D:\Users\ADMIN\Documents\gp-robot\GP Robot\Main.cpp(1482,54): warning C4244: 'argument': conversion from 'int' to 'float', possible loss of data
D:\Users\ADMIN\Documents\gp-robot\GP Robot\Main.cpp(1483,54): warning C4244: 'argument': conversion from 'int' to 'float', possible loss of data
D:\Users\ADMIN\Documents\gp-robot\GP Robot\Main.cpp(1487,53): warning C4244: 'argument': conversion from 'int' to 'float', possible loss of data
D:\Users\ADMIN\Documents\gp-robot\GP Robot\Main.cpp(1488,53): warning C4244: 'argument': conversion from 'int' to 'float', possible loss of data
D:\Users\ADMIN\Documents\gp-robot\GP Robot\Main.cpp(1489,53): warning C4244: 'argument': conversion from 'int' to 'float', possible loss of data
D:\Users\ADMIN\Documents\gp-robot\GP Robot\Main.cpp(1490,53): warning C4244: 'argument': conversion from 'int' to 'float', possible loss of data
D:\Users\ADMIN\Documents\gp-robot\GP Robot\Main.cpp(1495,53): warning C4244: 'argument': conversion from 'int' to 'float', possible loss of data
D:\Users\ADMIN\Documents\gp-robot\GP Robot\Main.cpp(1496,53): warning C4244: 'argument': conversion from 'int' to 'float', possible loss of data
D:\Users\ADMIN\Documents\gp-robot\GP Robot\Main.cpp(1497,54): warning C4244: 'argument': conversion from 'int' to 'float', possible loss of data
D:\Users\ADMIN\Documents\gp-robot\GP Robot\Main.cpp(1498,54): warning C4244: 'argument': conversion from 'int' to 'float', possible loss of data
D:\Users\ADMIN\Documents\gp-robot\GP Robot\Main.cpp(1502,53): warning C4244: 'argument': conversion from 'int' to 'float', possible loss of data
D:\Users\ADMIN\Documents\gp-robot\GP Robot\Main.cpp(1503,53): warning C4244: 'argument': conversion from 'int' to 'float', possible loss of data
D:\Users\ADMIN\Documents\gp-robot\GP Robot\Main.cpp(1504,53): warning C4244: 'argument': conversion from 'int' to 'float', possible loss of data
D:\Users\ADMIN\Documents\gp-robot\GP Robot\Main.cpp(1509,53): warning C4244: 'argument': conversion from 'int' to 'float', possible loss of data
D:\Users\ADMIN\Documents\gp-robot\GP Robot\Main.cpp(1510,53): warning C4244: 'argument': conversion from 'int' to 'float', possible loss of data
D:\Users\ADMIN\Documents\gp-robot\GP Robot\Main.cpp(1511,54): warning C4244: 'argument': conversion from 'int' to 'float', possible loss of data
D:\Users\ADMIN\Documents\gp-robot\GP Robot\Main.cpp(1512,54): warning C4244: 'argument': conversion from 'int' to 'float', possible loss of data
D:\Users\ADMIN\Documents\gp-robot\GP Robot\Main.cpp(1517,32): warning C4244: 'argument': conversion from 'int' to 'float', possible loss of data
D:\Users\ADMIN\Documents\gp-robot\GP Robot\Main.cpp(1521,32): warning C4244: 'argument': conversion from 'int' to 'float', possible loss of data
D:\Users\ADMIN\Documents\gp-robot\GP Robot\Main.cpp(1532,51): warning C4244: 'argument': conversion from 'int' to 'float', possible loss of data
D:\Users\ADMIN\Documents\gp-robot\GP Robot\Main.cpp(1533,51): warning C4244: 'argument': conversion from 'int' to 'float', possible loss of data
D:\Users\ADMIN\Documents\gp-robot\GP Robot\Main.cpp(1534,52): warning C4244: 'argument': conversion from 'int' to 'float', possible loss of data
D:\Users\ADMIN\Documents\gp-robot\GP Robot\Main.cpp(1535,52): warning C4244: 'argument': conversion from 'int' to 'float', possible loss of data
D:\Users\ADMIN\Documents\gp-robot\GP Robot\Main.cpp(1540,51): warning C4244: 'argument': conversion from 'int' to 'float', possible loss of data
D:\Users\ADMIN\Documents\gp-robot\GP Robot\Main.cpp(1541,52): warning C4244: 'argument': conversion from 'int' to 'float', possible loss of data
D:\Users\ADMIN\Documents\gp-robot\GP Robot\Main.cpp(1542,52): warning C4244: 'argument': conversion from 'int' to 'float', possible loss of data
D:\Users\ADMIN\Documents\gp-robot\GP Robot\Main.cpp(1547,52): warning C4244: 'argument': conversion from 'int' to 'float', possible loss of data
D:\Users\ADMIN\Documents\gp-robot\GP Robot\Main.cpp(1548,52): warning C4244: 'argument': conversion from 'int' to 'float', possible loss of data
D:\Users\ADMIN\Documents\gp-robot\GP Robot\Main.cpp(1549,52): warning C4244: 'argument': conversion from 'int' to 'float', possible loss of data
D:\Users\ADMIN\Documents\gp-robot\GP Robot\Main.cpp(1550,52): warning C4244: 'argument': conversion from 'int' to 'float', possible loss of data
D:\Users\ADMIN\Documents\gp-robot\GP Robot\Main.cpp(1554,52): warning C4244: 'argument': conversion from 'int' to 'float', possible loss of data
D:\Users\ADMIN\Documents\gp-robot\GP Robot\Main.cpp(1555,52): warning C4244: 'argument': conversion from 'int' to 'float', possible loss of data
D:\Users\ADMIN\Documents\gp-robot\GP Robot\Main.cpp(1556,52): warning C4244: 'argument': conversion from 'int' to 'float', possible loss of data
D:\Users\ADMIN\Documents\gp-robot\GP Robot\Main.cpp(1557,52): warning C4244: 'argument': conversion from 'int' to 'float', possible loss of data
D:\Users\ADMIN\Documents\gp-robot\GP Robot\Main.cpp(1561,52): warning C4244: 'argument': conversion from 'int' to 'float', possible loss of data
D:\Users\ADMIN\Documents\gp-robot\GP Robot\Main.cpp(1562,52): warning C4244: 'argument': conversion from 'int' to 'float', possible loss of data
D:\Users\ADMIN\Documents\gp-robot\GP Robot\Main.cpp(1563,52): warning C4244: 'argument': conversion from 'int' to 'float', possible loss of data
D:\Users\ADMIN\Documents\gp-robot\GP Robot\Main.cpp(1567,52): warning C4244: 'argument': conversion from 'int' to 'float', possible loss of data
D:\Users\ADMIN\Documents\gp-robot\GP Robot\Main.cpp(1568,53): warning C4244: 'argument': conversion from 'int' to 'float', possible loss of data
D:\Users\ADMIN\Documents\gp-robot\GP Robot\Main.cpp(1569,53): warning C4244: 'argument': conversion from 'int' to 'float', possible loss of data
D:\Users\ADMIN\Documents\gp-robot\GP Robot\Main.cpp(1573,52): warning C4244: 'argument': conversion from 'int' to 'float', possible loss of data
D:\Users\ADMIN\Documents\gp-robot\GP Robot\Main.cpp(1574,52): warning C4244: 'argument': conversion from 'int' to 'float', possible loss of data
D:\Users\ADMIN\Documents\gp-robot\GP Robot\Main.cpp(1575,53): warning C4244: 'argument': conversion from 'int' to 'float', possible loss of data
D:\Users\ADMIN\Documents\gp-robot\GP Robot\Main.cpp(1576,53): warning C4244: 'argument': conversion from 'int' to 'float', possible loss of data
D:\Users\ADMIN\Documents\gp-robot\GP Robot\Main.cpp(1580,52): warning C4244: 'argument': conversion from 'int' to 'float', possible loss of data
D:\Users\ADMIN\Documents\gp-robot\GP Robot\Main.cpp(1581,53): warning C4244: 'argument': conversion from 'int' to 'float', possible loss of data
D:\Users\ADMIN\Documents\gp-robot\GP Robot\Main.cpp(1582,53): warning C4244: 'argument': conversion from 'int' to 'float', possible loss of data
D:\Users\ADMIN\Documents\gp-robot\GP Robot\Main.cpp(1586,53): warning C4244: 'argument': conversion from 'int' to 'float', possible loss of data
D:\Users\ADMIN\Documents\gp-robot\GP Robot\Main.cpp(1587,53): warning C4244: 'argument': conversion from 'int' to 'float', possible loss of data
D:\Users\ADMIN\Documents\gp-robot\GP Robot\Main.cpp(1588,53): warning C4244: 'argument': conversion from 'int' to 'float', possible loss of data
D:\Users\ADMIN\Documents\gp-robot\GP Robot\Main.cpp(1589,53): warning C4244: 'argument': conversion from 'int' to 'float', possible loss of data
D:\Users\ADMIN\Documents\gp-robot\GP Robot\Main.cpp(1593,53): warning C4244: 'argument': conversion from 'int' to 'float', possible loss of data
D:\Users\ADMIN\Documents\gp-robot\GP Robot\Main.cpp(1594,53): warning C4244: 'argument': conversion from 'int' to 'float', possible loss of data
D:\Users\ADMIN\Documents\gp-robot\GP Robot\Main.cpp(1595,53): warning C4244: 'argument': conversion from 'int' to 'float', possible loss of data
D:\Users\ADMIN\Documents\gp-robot\GP Robot\Main.cpp(1596,53): warning C4244: 'argument': conversion from 'int' to 'float', possible loss of data
D:\Users\ADMIN\Documents\gp-robot\GP Robot\Main.cpp(1600,53): warning C4244: 'argument': conversion from 'int' to 'float', possible loss of data
D:\Users\ADMIN\Documents\gp-robot\GP Robot\Main.cpp(1601,53): warning C4244: 'argument': conversion from 'int' to 'float', possible loss of data
D:\Users\ADMIN\Documents\gp-robot\GP Robot\Main.cpp(1602,53): warning C4244: 'argument': conversion from 'int' to 'float', possible loss of data
D:\Users\ADMIN\Documents\gp-robot\GP Robot\Main.cpp(1603,53): warning C4244: 'argument': conversion from 'int' to 'float', possible loss of data
D:\Users\ADMIN\Documents\gp-robot\GP Robot\Main.cpp(1607,53): warning C4244: 'argument': conversion from 'int' to 'float', possible loss of data
D:\Users\ADMIN\Documents\gp-robot\GP Robot\Main.cpp(1608,53): warning C4244: 'argument': conversion from 'int' to 'float', possible loss of data
D:\Users\ADMIN\Documents\gp-robot\GP Robot\Main.cpp(1609,53): warning C4244: 'argument': conversion from 'int' to 'float', possible loss of data
D:\Users\ADMIN\Documents\gp-robot\GP Robot\Main.cpp(1610,53): warning C4244: 'argument': conversion from 'int' to 'float', possible loss of data
D:\Users\ADMIN\Documents\gp-robot\GP Robot\Main.cpp(1614,53): warning C4244: 'argument': conversion from 'int' to 'float', possible loss of data
D:\Users\ADMIN\Documents\gp-robot\GP Robot\Main.cpp(1615,53): warning C4244: 'argument': conversion from 'int' to 'float', possible loss of data
D:\Users\ADMIN\Documents\gp-robot\GP Robot\Main.cpp(1616,53): warning C4244: 'argument': conversion from 'int' to 'float', possible loss of data
D:\Users\ADMIN\Documents\gp-robot\GP Robot\Main.cpp(1617,53): warning C4244: 'argument': conversion from 'int' to 'float', possible loss of data
D:\Users\ADMIN\Documents\gp-robot\GP Robot\Main.cpp(1621,53): warning C4244: 'argument': conversion from 'int' to 'float', possible loss of data
D:\Users\ADMIN\Documents\gp-robot\GP Robot\Main.cpp(1622,53): warning C4244: 'argument': conversion from 'int' to 'float', possible loss of data
D:\Users\ADMIN\Documents\gp-robot\GP Robot\Main.cpp(1623,53): warning C4244: 'argument': conversion from 'int' to 'float', possible loss of data
D:\Users\ADMIN\Documents\gp-robot\GP Robot\Main.cpp(1627,53): warning C4244: 'argument': conversion from 'int' to 'float', possible loss of data
D:\Users\ADMIN\Documents\gp-robot\GP Robot\Main.cpp(1628,53): warning C4244: 'argument': conversion from 'int' to 'float', possible loss of data
D:\Users\ADMIN\Documents\gp-robot\GP Robot\Main.cpp(1629,53): warning C4244: 'argument': conversion from 'int' to 'float', possible loss of data
D:\Users\ADMIN\Documents\gp-robot\GP Robot\Main.cpp(1630,53): warning C4244: 'argument': conversion from 'int' to 'float', possible loss of data
D:\Users\ADMIN\Documents\gp-robot\GP Robot\Main.cpp(1634,53): warning C4244: 'argument': conversion from 'int' to 'float', possible loss of data
D:\Users\ADMIN\Documents\gp-robot\GP Robot\Main.cpp(1635,53): warning C4244: 'argument': conversion from 'int' to 'float', possible loss of data
D:\Users\ADMIN\Documents\gp-robot\GP Robot\Main.cpp(1636,53): warning C4244: 'argument': conversion from 'int' to 'float', possible loss of data
D:\Users\ADMIN\Documents\gp-robot\GP Robot\Main.cpp(1640,53): warning C4244: 'argument': conversion from 'int' to 'float', possible loss of data
D:\Users\ADMIN\Documents\gp-robot\GP Robot\Main.cpp(1641,53): warning C4244: 'argument': conversion from 'int' to 'float', possible loss of data
D:\Users\ADMIN\Documents\gp-robot\GP Robot\Main.cpp(1642,53): warning C4244: 'argument': conversion from 'int' to 'float', possible loss of data
D:\Users\ADMIN\Documents\gp-robot\GP Robot\Main.cpp(1643,53): warning C4244: 'argument': conversion from 'int' to 'float', possible loss of data
D:\Users\ADMIN\Documents\gp-robot\GP Robot\Main.cpp(1647,53): warning C4244: 'argument': conversion from 'int' to 'float', possible loss of data
D:\Users\ADMIN\Documents\gp-robot\GP Robot\Main.cpp(1648,53): warning C4244: 'argument': conversion from 'int' to 'float', possible loss of data
D:\Users\ADMIN\Documents\gp-robot\GP Robot\Main.cpp(1649,53): warning C4244: 'argument': conversion from 'int' to 'float', possible loss of data
D:\Users\ADMIN\Documents\gp-robot\GP Robot\Main.cpp(1650,53): warning C4244: 'argument': conversion from 'int' to 'float', possible loss of data
D:\Users\ADMIN\Documents\gp-robot\GP Robot\Main.cpp(1654,53): warning C4244: 'argument': conversion from 'int' to 'float', possible loss of data
D:\Users\ADMIN\Documents\gp-robot\GP Robot\Main.cpp(1655,53): warning C4244: 'argument': conversion from 'int' to 'float', possible loss of data
D:\Users\ADMIN\Documents\gp-robot\GP Robot\Main.cpp(1656,53): warning C4244: 'argument': conversion from 'int' to 'float', possible loss of data
D:\Users\ADMIN\Documents\gp-robot\GP Robot\Main.cpp(1661,32): warning C4244: 'argument': conversion from 'int' to 'float', possible loss of data
D:\Users\ADMIN\Documents\gp-robot\GP Robot\Main.cpp(1665,32): warning C4244: 'argument': conversion from 'int' to 'float', possible loss of data
D:\Users\ADMIN\Documents\gp-robot\GP Robot\Main.cpp(1683,28): warning C4305: 'initializing': truncation from 'double' to 'float'
D:\Users\ADMIN\Documents\gp-robot\GP Robot\Main.cpp(1684,28): warning C4305: '=': truncation from 'double' to 'float'
D:\Users\ADMIN\Documents\gp-robot\GP Robot\Main.cpp(1763,28): warning C4305: 'initializing': truncation from 'double' to 'float'
D:\Users\ADMIN\Documents\gp-robot\GP Robot\Main.cpp(1764,28): warning C4305: '=': truncation from 'double' to 'float'
D:\Users\ADMIN\Documents\gp-robot\GP Robot\Main.cpp(1839,28): warning C4305: 'initializing': truncation from 'double' to 'float'
D:\Users\ADMIN\Documents\gp-robot\GP Robot\Main.cpp(1840,28): warning C4305: '=': truncation from 'double' to 'float'
D:\Users\ADMIN\Documents\gp-robot\GP Robot\Main.cpp(1844,26): warning C4305: 'argument': truncation from 'double' to 'GLfloat'
D:\Users\ADMIN\Documents\gp-robot\GP Robot\Main.cpp(1924,27): warning C4305: 'initializing': truncation from 'double' to 'float'
D:\Users\ADMIN\Documents\gp-robot\GP Robot\Main.cpp(1925,15): warning C4305: '=': truncation from 'double' to 'float'
D:\Users\ADMIN\Documents\gp-robot\GP Robot\Main.cpp(2004,27): warning C4305: 'initializing': truncation from 'double' to 'float'
D:\Users\ADMIN\Documents\gp-robot\GP Robot\Main.cpp(2005,15): warning C4305: '=': truncation from 'double' to 'float'
D:\Users\ADMIN\Documents\gp-robot\GP Robot\Main.cpp(2080,27): warning C4305: 'initializing': truncation from 'double' to 'float'
D:\Users\ADMIN\Documents\gp-robot\GP Robot\Main.cpp(2081,15): warning C4305: '=': truncation from 'double' to 'float'
D:\Users\ADMIN\Documents\gp-robot\GP Robot\Main.cpp(2085,26): warning C4305: 'argument': truncation from 'double' to 'GLfloat'
D:\Users\ADMIN\Documents\gp-robot\GP Robot\Main.cpp(2165,27): warning C4305: 'initializing': truncation from 'double' to 'float'
D:\Users\ADMIN\Documents\gp-robot\GP Robot\Main.cpp(2165,41): warning C4244: 'initializing': conversion from 'double' to 'float', possible loss of data
D:\Users\ADMIN\Documents\gp-robot\GP Robot\Main.cpp(2165,78): warning C4305: 'initializing': truncation from 'double' to 'float'
D:\Users\ADMIN\Documents\gp-robot\GP Robot\Main.cpp(2166,48): warning C4244: 'initializing': conversion from 'double' to 'float', possible loss of data
D:\Users\ADMIN\Documents\gp-robot\GP Robot\Main.cpp(2168,17): warning C4244: 'initializing': conversion from 'double' to 'float', possible loss of data
D:\Users\ADMIN\Documents\gp-robot\GP Robot\Main.cpp(2182,38): warning C4244: 'argument': conversion from 'float' to 'int', possible loss of data
D:\Users\ADMIN\Documents\gp-robot\GP Robot\Main.cpp(2182,30): warning C4244: 'argument': conversion from 'float' to 'int', possible loss of data
D:\Users\ADMIN\Documents\gp-robot\GP Robot\Main.cpp(2183,66): warning C4244: 'argument': conversion from 'float' to 'int', possible loss of data
D:\Users\ADMIN\Documents\gp-robot\GP Robot\Main.cpp(2183,58): warning C4244: 'argument': conversion from 'float' to 'int', possible loss of data
D:\Users\ADMIN\Documents\gp-robot\GP Robot\Main.cpp(2190,38): warning C4244: 'argument': conversion from 'float' to 'int', possible loss of data
D:\Users\ADMIN\Documents\gp-robot\GP Robot\Main.cpp(2190,30): warning C4244: 'argument': conversion from 'float' to 'int', possible loss of data
D:\Users\ADMIN\Documents\gp-robot\GP Robot\Main.cpp(2193,16): warning C4305: '-=': truncation from 'double' to 'float'
D:\Users\ADMIN\Documents\gp-robot\GP Robot\Main.cpp(2199,66): warning C4244: 'argument': conversion from 'float' to 'int', possible loss of data
D:\Users\ADMIN\Documents\gp-robot\GP Robot\Main.cpp(2199,58): warning C4244: 'argument': conversion from 'float' to 'int', possible loss of data
D:\Users\ADMIN\Documents\gp-robot\GP Robot\Main.cpp(2211,27): warning C4305: 'argument': truncation from 'double' to 'GLfloat'
D:\Users\ADMIN\Documents\gp-robot\GP Robot\Main.cpp(2213,25): warning C4305: 'argument': truncation from 'double' to 'GLfloat'
D:\Users\ADMIN\Documents\gp-robot\GP Robot\Main.cpp(2215,25): warning C4305: 'argument': truncation from 'double' to 'GLfloat'
D:\Users\ADMIN\Documents\gp-robot\GP Robot\Main.cpp(2216,24): warning C4305: 'argument': truncation from 'double' to 'GLfloat'
D:\Users\ADMIN\Documents\gp-robot\GP Robot\Main.cpp(2217,28): warning C4244: 'argument': conversion from 'double' to 'GLfloat', possible loss of data
D:\Users\ADMIN\Documents\gp-robot\GP Robot\Main.cpp(2225,25): warning C4305: 'argument': truncation from 'double' to 'GLfloat'
D:\Users\ADMIN\Documents\gp-robot\GP Robot\Main.cpp(2229,31): warning C4244: 'argument': conversion from 'double' to 'GLfloat', possible loss of data
D:\Users\ADMIN\Documents\gp-robot\GP Robot\Main.cpp(2238,27): warning C4305: 'initializing': truncation from 'double' to 'float'
D:\Users\ADMIN\Documents\gp-robot\GP Robot\Main.cpp(2238,41): warning C4244: 'initializing': conversion from 'double' to 'float', possible loss of data
D:\Users\ADMIN\Documents\gp-robot\GP Robot\Main.cpp(2238,78): warning C4305: 'initializing': truncation from 'double' to 'float'
D:\Users\ADMIN\Documents\gp-robot\GP Robot\Main.cpp(2239,48): warning C4244: 'initializing': conversion from 'double' to 'float', possible loss of data
D:\Users\ADMIN\Documents\gp-robot\GP Robot\Main.cpp(2241,17): warning C4244: 'initializing': conversion from 'double' to 'float', possible loss of data
D:\Users\ADMIN\Documents\gp-robot\GP Robot\Main.cpp(2255,38): warning C4244: 'argument': conversion from 'float' to 'int', possible loss of data
D:\Users\ADMIN\Documents\gp-robot\GP Robot\Main.cpp(2255,30): warning C4244: 'argument': conversion from 'float' to 'int', possible loss of data
D:\Users\ADMIN\Documents\gp-robot\GP Robot\Main.cpp(2256,66): warning C4244: 'argument': conversion from 'float' to 'int', possible loss of data
D:\Users\ADMIN\Documents\gp-robot\GP Robot\Main.cpp(2256,58): warning C4244: 'argument': conversion from 'float' to 'int', possible loss of data
D:\Users\ADMIN\Documents\gp-robot\GP Robot\Main.cpp(2265,38): warning C4244: 'argument': conversion from 'float' to 'int', possible loss of data
D:\Users\ADMIN\Documents\gp-robot\GP Robot\Main.cpp(2265,30): warning C4244: 'argument': conversion from 'float' to 'int', possible loss of data
D:\Users\ADMIN\Documents\gp-robot\GP Robot\Main.cpp(2268,16): warning C4305: '-=': truncation from 'double' to 'float'
D:\Users\ADMIN\Documents\gp-robot\GP Robot\Main.cpp(2274,66): warning C4244: 'argument': conversion from 'float' to 'int', possible loss of data
D:\Users\ADMIN\Documents\gp-robot\GP Robot\Main.cpp(2274,58): warning C4244: 'argument': conversion from 'float' to 'int', possible loss of data
D:\Users\ADMIN\Documents\gp-robot\GP Robot\Main.cpp(2286,25): warning C4305: 'argument': truncation from 'double' to 'GLfloat'
D:\Users\ADMIN\Documents\gp-robot\GP Robot\Main.cpp(2289,31): warning C4244: 'argument': conversion from 'double' to 'GLfloat', possible loss of data
D:\Users\ADMIN\Documents\gp-robot\GP Robot\Main.cpp(2299,30): warning C4305: 'initializing': truncation from 'double' to 'float'
D:\Users\ADMIN\Documents\gp-robot\GP Robot\Main.cpp(2299,47): warning C4244: 'initializing': conversion from 'double' to 'float', possible loss of data
D:\Users\ADMIN\Documents\gp-robot\GP Robot\Main.cpp(2299,86): warning C4305: 'initializing': truncation from 'double' to 'float'
D:\Users\ADMIN\Documents\gp-robot\GP Robot\Main.cpp(2300,55): warning C4244: 'initializing': conversion from 'double' to 'float', possible loss of data
D:\Users\ADMIN\Documents\gp-robot\GP Robot\Main.cpp(2302,17): warning C4244: 'initializing': conversion from 'double' to 'float', possible loss of data
D:\Users\ADMIN\Documents\gp-robot\GP Robot\Main.cpp(2315,46): warning C4244: 'argument': conversion from 'float' to 'int', possible loss of data
D:\Users\ADMIN\Documents\gp-robot\GP Robot\Main.cpp(2315,38): warning C4244: 'argument': conversion from 'float' to 'int', possible loss of data
D:\Users\ADMIN\Documents\gp-robot\GP Robot\Main.cpp(2316,72): warning C4244: 'argument': conversion from 'float' to 'int', possible loss of data
D:\Users\ADMIN\Documents\gp-robot\GP Robot\Main.cpp(2316,64): warning C4244: 'argument': conversion from 'float' to 'int', possible loss of data
D:\Users\ADMIN\Documents\gp-robot\GP Robot\Main.cpp(2321,38): warning C4244: 'argument': conversion from 'float' to 'int', possible loss of data
D:\Users\ADMIN\Documents\gp-robot\GP Robot\Main.cpp(2321,30): warning C4244: 'argument': conversion from 'float' to 'int', possible loss of data
D:\Users\ADMIN\Documents\gp-robot\GP Robot\Main.cpp(2324,16): warning C4305: '-=': truncation from 'double' to 'float'
D:\Users\ADMIN\Documents\gp-robot\GP Robot\Main.cpp(2339,70): warning C4244: 'argument': conversion from 'float' to 'int', possible loss of data
D:\Users\ADMIN\Documents\gp-robot\GP Robot\Main.cpp(2339,62): warning C4244: 'argument': conversion from 'float' to 'int', possible loss of data
D:\Users\ADMIN\Documents\gp-robot\GP Robot\Main.cpp(2348,30): warning C4305: 'initializing': truncation from 'double' to 'float'
D:\Users\ADMIN\Documents\gp-robot\GP Robot\Main.cpp(2348,47): warning C4244: 'initializing': conversion from 'double' to 'float', possible loss of data
D:\Users\ADMIN\Documents\gp-robot\GP Robot\Main.cpp(2348,86): warning C4305: 'initializing': truncation from 'double' to 'float'
D:\Users\ADMIN\Documents\gp-robot\GP Robot\Main.cpp(2349,55): warning C4244: 'initializing': conversion from 'double' to 'float', possible loss of data
D:\Users\ADMIN\Documents\gp-robot\GP Robot\Main.cpp(2351,17): warning C4244: 'initializing': conversion from 'double' to 'float', possible loss of data
D:\Users\ADMIN\Documents\gp-robot\GP Robot\Main.cpp(2365,46): warning C4244: 'argument': conversion from 'float' to 'int', possible loss of data
D:\Users\ADMIN\Documents\gp-robot\GP Robot\Main.cpp(2365,38): warning C4244: 'argument': conversion from 'float' to 'int', possible loss of data
D:\Users\ADMIN\Documents\gp-robot\GP Robot\Main.cpp(2366,72): warning C4244: 'argument': conversion from 'float' to 'int', possible loss of data
D:\Users\ADMIN\Documents\gp-robot\GP Robot\Main.cpp(2366,64): warning C4244: 'argument': conversion from 'float' to 'int', possible loss of data
D:\Users\ADMIN\Documents\gp-robot\GP Robot\Main.cpp(2371,38): warning C4244: 'argument': conversion from 'float' to 'int', possible loss of data
D:\Users\ADMIN\Documents\gp-robot\GP Robot\Main.cpp(2371,30): warning C4244: 'argument': conversion from 'float' to 'int', possible loss of data
D:\Users\ADMIN\Documents\gp-robot\GP Robot\Main.cpp(2374,16): warning C4305: '-=': truncation from 'double' to 'float'
D:\Users\ADMIN\Documents\gp-robot\GP Robot\Main.cpp(2388,70): warning C4244: 'argument': conversion from 'float' to 'int', possible loss of data
D:\Users\ADMIN\Documents\gp-robot\GP Robot\Main.cpp(2388,62): warning C4244: 'argument': conversion from 'float' to 'int', possible loss of data
D:\Users\ADMIN\Documents\gp-robot\GP Robot\Main.cpp(2407,20): warning C4305: '+=': truncation from 'double' to 'float'
D:\Users\ADMIN\Documents\gp-robot\GP Robot\Main.cpp(2438,24): warning C4305: 'argument': truncation from 'double' to 'GLfloat'
D:\Users\ADMIN\Documents\gp-robot\GP Robot\Main.cpp(2439,25): warning C4305: 'argument': truncation from 'double' to 'GLfloat'
D:\Users\ADMIN\Documents\gp-robot\GP Robot\Main.cpp(2443,26): warning C4305: 'argument': truncation from 'double' to 'GLfloat'
D:\Users\ADMIN\Documents\gp-robot\GP Robot\Main.cpp(2444,27): warning C4305: 'argument': truncation from 'double' to 'GLfloat'
D:\Users\ADMIN\Documents\gp-robot\GP Robot\Main.cpp(2455,24): warning C4305: 'argument': truncation from 'double' to 'GLfloat'
D:\Users\ADMIN\Documents\gp-robot\GP Robot\Main.cpp(2463,24): warning C4305: 'argument': truncation from 'double' to 'GLfloat'
D:\Users\ADMIN\Documents\gp-robot\GP Robot\Main.cpp(2464,25): warning C4305: 'argument': truncation from 'double' to 'GLfloat'
D:\Users\ADMIN\Documents\gp-robot\GP Robot\Main.cpp(2468,26): warning C4305: 'argument': truncation from 'double' to 'GLfloat'
D:\Users\ADMIN\Documents\gp-robot\GP Robot\Main.cpp(2469,27): warning C4305: 'argument': truncation from 'double' to 'GLfloat'
D:\Users\ADMIN\Documents\gp-robot\GP Robot\Main.cpp(2481,24): warning C4305: 'argument': truncation from 'double' to 'GLfloat'
D:\Users\ADMIN\Documents\gp-robot\GP Robot\Main.cpp(2520,24): warning C4305: 'argument': truncation from 'double' to 'GLfloat'
D:\Users\ADMIN\Documents\gp-robot\GP Robot\Main.cpp(2528,24): warning C4305: 'argument': truncation from 'double' to 'GLfloat'
D:\Users\ADMIN\Documents\gp-robot\GP Robot\Main.cpp(2550,49): warning C4305: 'argument': truncation from 'double' to 'float'
D:\Users\ADMIN\Documents\gp-robot\GP Robot\Main.cpp(2602,1): warning C4244: 'argument': conversion from 'double' to 'int', possible loss of data
  GP Robot.vcxproj -> D:\Users\ADMIN\Documents\gp-robot\x64\Debug\GP Robot.exe
